Using pre-set license
Desktop is 1920 x 1080 @ 60 Hz

 COMMAND LINE ARGUMENTS:
Unity
-adb2
-batchMode
-noUpm
-name
AssetImportWorker0
-projectPath
/home/simge/UnityProjects/New Unity Project (1)
-logFile
Logs/AssetImportWorker0.log
-srvPort
33087
Successfully changed project path to: /home/simge/UnityProjects/New Unity Project (1)
/home/simge/UnityProjects/New Unity Project (1)
Using Asset Import Pipeline V2.
Refreshing native plugins compatible for Editor in 72,00 ms, found 0 plugins.
Preloading 0 native plugins for Editor in 0,00 ms.
Initialize engine version: 2020.3.0f1 (c7b5465681fb)
[Subsystems] Discovering subsystems at path /home/simge/Unity/Hub/Editor/2020.3.0f1/Editor/Data/Resources/UnitySubsystems
[Subsystems] Discovering subsystems at path /home/simge/UnityProjects/New Unity Project (1)/Assets
GLX Extensions: GLX_ARB_create_context GLX_ARB_create_context_no_error GLX_ARB_create_context_profile GLX_ARB_create_context_robustness GLX_ARB_fbconfig_float GLX_ARB_framebuffer_sRGB GLX_ARB_get_proc_address GLX_ARB_multisample GLX_EXT_buffer_age GLX_EXT_create_context_es2_profile GLX_EXT_create_context_es_profile GLX_EXT_fbconfig_packed_float GLX_EXT_framebuffer_sRGB GLX_EXT_import_context GLX_EXT_texture_from_pixmap GLX_EXT_visual_info GLX_EXT_visual_rating GLX_INTEL_swap_event GLX_MESA_copy_sub_buffer GLX_MESA_query_renderer GLX_MESA_swap_control GLX_OML_swap_method GLX_OML_sync_control GLX_SGIS_multisample GLX_SGIX_fbconfig GLX_SGIX_pbuffer GLX_SGIX_visual_select_group GLX_SGI_make_current_read GLX_SGI_swap_control GLX_SGI_video_sync 
Renderer: Mesa DRI Intel(R) HD Graphics 5500 (BDW GT2)
Vendor:   Intel Open Source Technology Center
Version:  4.6 (Core Profile) Mesa 20.0.8
GLES:     0
 GL_3DFX_texture_compression_FXT1 GL_AMD_conservative_depth GL_AMD_draw_buffers_blend GL_AMD_gpu_shader_int64 GL_AMD_multi_draw_indirect GL_AMD_query_buffer_object GL_AMD_seamless_cubemap_per_texture GL_AMD_shader_trinary_minmax GL_AMD_texture_texture4 GL_AMD_vertex_shader_layer GL_AMD_vertex_shader_viewport_index GL_ANGLE_texture_compression_dxt3 GL_ANGLE_texture_compression_dxt5 GL_APPLE_object_purgeable GL_ARB_ES2_compatibility GL_ARB_ES3_1_compatibility GL_ARB_ES3_2_compatibility GL_ARB_ES3_compatibility GL_ARB_arrays_of_arrays GL_ARB_base_instance GL_ARB_blend_func_extended GL_ARB_buffer_storage GL_ARB_clear_buffer_object GL_ARB_clear_texture GL_ARB_clip_control GL_ARB_compressed_texture_pixel_storage GL_ARB_compute_shader GL_ARB_conditional_render_inverted GL_ARB_conservative_depth GL_ARB_copy_buffer GL_ARB_copy_image GL_ARB_cull_distance GL_ARB_debug_output GL_ARB_depth_buffer_float GL_ARB_depth_clamp GL_ARB_derivative_control GL_ARB_direct_state_access GL_ARB_draw_buffers GL_ARB_draw_buffers_blend GL
_ARB_draw_elements_base_vertex GL_ARB_draw_indirect GL_ARB_draw_instanced GL_ARB_enhanced_layouts GL_ARB_explicit_attrib_location GL_ARB_explicit_uniform_location GL_ARB_fragment_coord_conventions GL_ARB_fragment_layer_viewport GL_ARB_fragment_shader GL_ARB_framebuffer_no_attachments GL_ARB_framebuffer_object GL_ARB_framebuffer_sRGB GL_ARB_get_program_binary GL_ARB_get_texture_sub_image GL_ARB_gl_spirv GL_ARB_gpu_shader5 GL_ARB_gpu_shader_fp64 GL_ARB_gpu_shader_int64 GL_ARB_half_float_pixel GL_ARB_half_float_vertex GL_ARB_indirect_parameters GL_ARB_instanced_arrays GL_ARB_internalformat_query GL_ARB_internalformat_query2 GL_ARB_invalidate_subdata GL_ARB_map_buffer_alignment GL_ARB_map_buffer_range GL_ARB_multi_bind GL_ARB_multi_draw_indirect GL_ARB_occlusion_query2 GL_ARB_parallel_shader_compile GL_ARB_pipeline_statistics_query GL_ARB_pixel_buffer_object GL_ARB_point_sprite GL_ARB_polygon_offset_clamp GL_ARB_program_interface_query GL_ARB_provoking_vertex GL_ARB_query_buffer_object GL_ARB_robust_buffer_acces
s_behavior GL_ARB_robustness GL_ARB_sample_shading GL_ARB_sampler_objects GL_ARB_seamless_cube_map GL_ARB_seamless_cubemap_per_texture GL_ARB_separate_shader_objects GL_ARB_shader_atomic_counter_ops GL_ARB_shader_atomic_counters GL_ARB_shader_ballot GL_ARB_shader_bit_encoding GL_ARB_shader_clock GL_ARB_shader_draw_parameters GL_ARB_shader_group_vote GL_ARB_shader_image_load_store GL_ARB_shader_image_size GL_ARB_shader_objects GL_ARB_shader_precision GL_ARB_shader_storage_buffer_object GL_ARB_shader_subroutine GL_ARB_shader_texture_image_samples GL_ARB_shader_texture_lod GL_ARB_shader_viewport_layer_array GL_ARB_shading_language_420pack GL_ARB_shading_language_include GL_ARB_shading_language_packing GL_ARB_spirv_extensions GL_ARB_stencil_texturing GL_ARB_sync GL_ARB_tessellation_shader GL_ARB_texture_barrier GL_ARB_texture_buffer_object GL_ARB_texture_buffer_object_rgb32 GL_ARB_texture_buffer_range GL_ARB_texture_compression_bptc GL_ARB_texture_compression_rgtc GL_ARB_texture_cube_map_array GL_ARB_texture_fil
ter_anisotropic GL_ARB_texture_float GL_ARB_texture_gather GL_ARB_texture_mirror_clamp_to_edge GL_ARB_texture_multisample GL_ARB_texture_non_power_of_two GL_ARB_texture_query_levels GL_ARB_texture_query_lod GL_ARB_texture_rectangle GL_ARB_texture_rg GL_ARB_texture_rgb10_a2ui GL_ARB_texture_stencil8 GL_ARB_texture_storage GL_ARB_texture_storage_multisample GL_ARB_texture_swizzle GL_ARB_texture_view GL_ARB_timer_query GL_ARB_transform_feedback2 GL_ARB_transform_feedback3 GL_ARB_transform_feedback_instanced GL_ARB_transform_feedback_overflow_query GL_ARB_uniform_buffer_object GL_ARB_vertex_array_bgra GL_ARB_vertex_array_object GL_ARB_vertex_attrib_64bit GL_ARB_vertex_attrib_binding GL_ARB_vertex_buffer_object GL_ARB_vertex_shader GL_ARB_vertex_type_10f_11f_11f_rev GL_ARB_vertex_type_2_10_10_10_rev GL_ARB_viewport_array GL_ATI_blend_equation_separate GL_ATI_texture_float GL_EXT_EGL_image_storage GL_EXT_EGL_sync GL_EXT_abgr GL_EXT_blend_equation_separate GL_EXT_demote_to_helper_invocation GL_EXT_draw_buffers2 GL_
EXT_draw_instanced GL_EXT_framebuffer_blit GL_EXT_framebuffer_multisample GL_EXT_framebuffer_multisample_blit_scaled GL_EXT_framebuffer_object GL_EXT_framebuffer_sRGB GL_EXT_packed_depth_stencil GL_EXT_packed_float GL_EXT_pixel_buffer_object GL_EXT_polygon_offset_clamp GL_EXT_provoking_vertex GL_EXT_shader_framebuffer_fetch_non_coherent GL_EXT_shader_integer_mix GL_EXT_shader_samples_identical GL_EXT_texture_array GL_EXT_texture_compression_dxt1 GL_EXT_texture_compression_rgtc GL_EXT_texture_compression_s3tc GL_EXT_texture_filter_anisotropic GL_EXT_texture_integer GL_EXT_texture_sRGB GL_EXT_texture_sRGB_R8 GL_EXT_texture_sRGB_decode GL_EXT_texture_shadow_lod GL_EXT_texture_shared_exponent GL_EXT_texture_snorm GL_EXT_texture_swizzle GL_EXT_timer_query GL_EXT_transform_feedback GL_EXT_vertex_array_bgra GL_EXT_vertex_attrib_64bit GL_IBM_multimode_draw_arrays GL_INTEL_performance_query GL_INTEL_shader_integer_functions2 GL_KHR_blend_equation_advanced GL_KHR_context_flush_control GL_KHR_debug GL_KHR_no_error GL_K
HR_parallel_shader_compile GL_KHR_robust_buffer_access_behavior GL_KHR_robustness GL_MESA_framebuffer_flip_y GL_MESA_pack_invert GL_MESA_shader_integer_functions GL_MESA_texture_signed_rgba GL_NV_compute_shader_derivatives GL_NV_conditional_render GL_NV_depth_clamp GL_NV_packed_depth_stencil GL_NV_texture_barrier GL_OES_EGL_image GL_S3_s3tc
OPENGL LOG: Creating OpenGL 4.6 graphics device ; Context level  <OpenGL 4.5> ; Context handle -1260865008
Initialize mono
Mono path[0] = '/home/simge/Unity/Hub/Editor/2020.3.0f1/Editor/Data/Managed'
Mono path[1] = '/home/simge/Unity/Hub/Editor/2020.3.0f1/Editor/Data/MonoBleedingEdge/lib/mono/unityjit'
Mono config path = '/home/simge/Unity/Hub/Editor/2020.3.0f1/Editor/Data/MonoBleedingEdge/etc'
Using monoOptions --debugger-agent=transport=dt_socket,embedding=1,server=y,suspend=n,address=127.0.0.1:56876
Begin MonoManager ReloadAssembly
Registering precompiled unity dll's ...
Register platform support module: /home/simge/Unity/Hub/Editor/2020.3.0f1/Editor/Data/PlaybackEngines/LinuxStandaloneSupport/UnityEditor.LinuxStandalone.Extensions.dll
Registered in 0,001808 seconds.
Native extension for LinuxStandalone target not found
Refreshing native plugins compatible for Editor in 97,20 ms, found 0 plugins.
Preloading 0 native plugins for Editor in 0,00 ms.
Invoked RoslynAnalysisRunner static constructor.
RoslynAnalysisRunner will not be running.
RoslynAnalysisRunner has terminated.
Mono: successfully reloaded assembly
- Completed reload, in  1,900 seconds
Platform modules already initialized, skipping
Registering precompiled user dll's ...
Registered in 0,001149 seconds.
Begin MonoManager ReloadAssembly
Native extension for LinuxStandalone target not found
Refreshing native plugins compatible for Editor in 92,90 ms, found 0 plugins.
Preloading 0 native plugins for Editor in 0,00 ms.
Invoked RoslynAnalysisRunner static constructor.
RoslynAnalysisRunner will not be running.
RoslynAnalysisRunner has terminated.
Mono: successfully reloaded assembly
- Completed reload, in  2,263 seconds
Platform modules already initialized, skipping
========================================================================
Worker process is ready to serve import requests
Shader 'Universal Render Pipeline/Particles/Lit': fallback shader 'Universal Render Pipeline/Particles/SimpleLit' not found
Shader 'Universal Render Pipeline/Particles/Lit': fallback shader 'Universal Render Pipeline/Particles/SimpleLit' not found
Launched and connected shader compiler UnityShaderCompiler after 0.01 seconds
Refreshing native plugins compatible for Editor in 1,75 ms, found 0 plugins.
Preloading 0 native plugins for Editor in 0,00 ms.
Unloading 2725 Unused Serialized files (Serialized files now loaded: 0)
System memory in use before: 115,8 MB.
System memory in use after: 114,2 MB.

Unloading 47 unused Assets to reduce memory usage. Loaded Objects now: 3139.
Total: 19,706780 ms (FindLiveObjects: 0,959639 ms CreateObjectMapping: 0,972382 ms MarkObjects: 12,059319 ms  DeleteObjects: 5,707857 ms)

========================================================================
Received Import Request.
  path: Assets/Scripts/PlayerController.cs
  artifactKey: Guid(c4c55044daaa46d819ad25fc9ae4475d) Importer(815301076,1909f56bfc062723c751e8b465ee728b)
Start importing Assets/Scripts/PlayerController.cs using Guid(c4c55044daaa46d819ad25fc9ae4475d) Importer(815301076,1909f56bfc062723c751e8b465ee728b)  -> (artifact id: '87ac6cd8dee94961ad3893291fb48106') in 0,013154 seconds
  Import took 0,032741 seconds .

========================================================================
Received Prepare
Registering precompiled user dll's ...
Registered in 0,001452 seconds.
Begin MonoManager ReloadAssembly
Native extension for LinuxStandalone target not found
Refreshing native plugins compatible for Editor in 0,89 ms, found 0 plugins.
Preloading 0 native plugins for Editor in 0,00 ms.
Invoked RoslynAnalysisRunner static constructor.
RoslynAnalysisRunner will not be running.
RoslynAnalysisRunner has terminated.
Mono: successfully reloaded assembly
- Completed reload, in  1,690 seconds
Platform modules already initialized, skipping
Shader 'Universal Render Pipeline/Particles/Lit': fallback shader 'Universal Render Pipeline/Particles/SimpleLit' not found
Shader 'Universal Render Pipeline/Particles/Lit': fallback shader 'Universal Render Pipeline/Particles/SimpleLit' not found
Refreshing native plugins compatible for Editor in 1,04 ms, found 0 plugins.
Preloading 0 native plugins for Editor in 0,00 ms.
Unloading 2663 Unused Serialized files (Serialized files now loaded: 0)
System memory in use before: 114,4 MB.
System memory in use after: 112,3 MB.

Unloading 53 unused Assets to reduce memory usage. Loaded Objects now: 3142.
Total: 13,445187 ms (FindLiveObjects: 1,709224 ms CreateObjectMapping: 0,812089 ms MarkObjects: 6,050872 ms  DeleteObjects: 4,867124 ms)

========================================================================
Received Import Request.
  Time since last request: 1966,182961 seconds.
  path: Assets/Scripts/PlayerController.cs
  artifactKey: Guid(c4c55044daaa46d819ad25fc9ae4475d) Importer(815301076,1909f56bfc062723c751e8b465ee728b)
Start importing Assets/Scripts/PlayerController.cs using Guid(c4c55044daaa46d819ad25fc9ae4475d) Importer(815301076,1909f56bfc062723c751e8b465ee728b)  -> (artifact id: '864caddd02bce16a52985b3c3530563e') in 0,008461 seconds
  Import took 0,020885 seconds .

========================================================================
Received Import Request.
  Time since last request: 0,002008 seconds.
  path: Assets/Scripts/PlayerController.cs
  artifactKey: Guid(c4c55044daaa46d819ad25fc9ae4475d) Importer(815301076,1909f56bfc062723c751e8b465ee728b)
Start importing Assets/Scripts/PlayerController.cs using Guid(c4c55044daaa46d819ad25fc9ae4475d) Importer(815301076,1909f56bfc062723c751e8b465ee728b)  -> (artifact id: '864caddd02bce16a52985b3c3530563e') in 0,001719 seconds
  Import took 0,013293 seconds .

========================================================================
Received Import Request.
  Time since last request: 27,168324 seconds.
  path: Assets/Scripts/PlayerController.cs
  artifactKey: Guid(c4c55044daaa46d819ad25fc9ae4475d) Importer(815301076,1909f56bfc062723c751e8b465ee728b)
Start importing Assets/Scripts/PlayerController.cs using Guid(c4c55044daaa46d819ad25fc9ae4475d) Importer(815301076,1909f56bfc062723c751e8b465ee728b)  -> (artifact id: '785d4ccd19bc0b2949fa76ed56b72b71') in 0,001670 seconds
  Import took 0,014969 seconds .

========================================================================
Received Import Request.
  Time since last request: 0,001509 seconds.
  path: Assets/Scripts/PlayerController.cs
  artifactKey: Guid(c4c55044daaa46d819ad25fc9ae4475d) Importer(815301076,1909f56bfc062723c751e8b465ee728b)
Start importing Assets/Scripts/PlayerController.cs using Guid(c4c55044daaa46d819ad25fc9ae4475d) Importer(815301076,1909f56bfc062723c751e8b465ee728b)  -> (artifact id: '785d4ccd19bc0b2949fa76ed56b72b71') in 0,001415 seconds
  Import took 0,014209 seconds .

========================================================================
Received Prepare
Registering precompiled user dll's ...
Registered in 0,001238 seconds.
Begin MonoManager ReloadAssembly
Native extension for LinuxStandalone target not found
Refreshing native plugins compatible for Editor in 0,50 ms, found 0 plugins.
Preloading 0 native plugins for Editor in 0,00 ms.
Invoked RoslynAnalysisRunner static constructor.
RoslynAnalysisRunner will not be running.
RoslynAnalysisRunner has terminated.
Mono: successfully reloaded assembly
- Completed reload, in  1,209 seconds
Platform modules already initialized, skipping
Shader 'Universal Render Pipeline/Particles/Lit': fallback shader 'Universal Render Pipeline/Particles/SimpleLit' not found
Shader 'Universal Render Pipeline/Particles/Lit': fallback shader 'Universal Render Pipeline/Particles/SimpleLit' not found
Refreshing native plugins compatible for Editor in 0,45 ms, found 0 plugins.
Preloading 0 native plugins for Editor in 0,00 ms.
Unloading 2663 Unused Serialized files (Serialized files now loaded: 0)
System memory in use before: 114,4 MB.
System memory in use after: 112,4 MB.

Unloading 53 unused Assets to reduce memory usage. Loaded Objects now: 3145.
Total: 6,088364 ms (FindLiveObjects: 0,343293 ms CreateObjectMapping: 0,146232 ms MarkObjects: 3,508442 ms  DeleteObjects: 2,088691 ms)

========================================================================
Received Import Request.
  Time since last request: 290,677412 seconds.
  path: Assets/Scripts/PlayerController.cs
  artifactKey: Guid(c4c55044daaa46d819ad25fc9ae4475d) Importer(815301076,1909f56bfc062723c751e8b465ee728b)
Start importing Assets/Scripts/PlayerController.cs using Guid(c4c55044daaa46d819ad25fc9ae4475d) Importer(815301076,1909f56bfc062723c751e8b465ee728b)  -> (artifact id: 'c22dd6b6f784f8ac189de6215a85c0c7') in 0,005538 seconds
  Import took 0,011055 seconds .

========================================================================
Received Prepare
Registering precompiled user dll's ...
Registered in 0,001140 seconds.
Begin MonoManager ReloadAssembly
Native extension for LinuxStandalone target not found
Refreshing native plugins compatible for Editor in 0,50 ms, found 0 plugins.
Preloading 0 native plugins for Editor in 0,00 ms.
Invoked RoslynAnalysisRunner static constructor.
RoslynAnalysisRunner will not be running.
RoslynAnalysisRunner has terminated.
Mono: successfully reloaded assembly
- Completed reload, in  1,272 seconds
Platform modules already initialized, skipping
Shader 'Universal Render Pipeline/Particles/Lit': fallback shader 'Universal Render Pipeline/Particles/SimpleLit' not found
Shader 'Universal Render Pipeline/Particles/Lit': fallback shader 'Universal Render Pipeline/Particles/SimpleLit' not found
Refreshing native plugins compatible for Editor in 0,49 ms, found 0 plugins.
Preloading 0 native plugins for Editor in 0,00 ms.
Unloading 2663 Unused Serialized files (Serialized files now loaded: 0)
System memory in use before: 114,5 MB.
System memory in use after: 112,4 MB.

Unloading 53 unused Assets to reduce memory usage. Loaded Objects now: 3148.
Total: 11,892072 ms (FindLiveObjects: 0,587377 ms CreateObjectMapping: 0,278148 ms MarkObjects: 8,314329 ms  DeleteObjects: 2,707360 ms)

========================================================================
Received Prepare
Registering precompiled user dll's ...
Registered in 0,002152 seconds.
Begin MonoManager ReloadAssembly
Native extension for LinuxStandalone target not found
Refreshing native plugins compatible for Editor in 0,57 ms, found 0 plugins.
Preloading 0 native plugins for Editor in 0,00 ms.
Invoked RoslynAnalysisRunner static constructor.
RoslynAnalysisRunner will not be running.
RoslynAnalysisRunner has terminated.
Mono: successfully reloaded assembly
- Completed reload, in  1,296 seconds
Platform modules already initialized, skipping
Shader 'Universal Render Pipeline/Particles/Lit': fallback shader 'Universal Render Pipeline/Particles/SimpleLit' not found
Shader 'Universal Render Pipeline/Particles/Lit': fallback shader 'Universal Render Pipeline/Particles/SimpleLit' not found
Refreshing native plugins compatible for Editor in 0,56 ms, found 0 plugins.
Preloading 0 native plugins for Editor in 0,00 ms.
Unloading 2663 Unused Serialized files (Serialized files now loaded: 0)
System memory in use before: 114,5 MB.
System memory in use after: 112,4 MB.

Unloading 53 unused Assets to reduce memory usage. Loaded Objects now: 3151.
Total: 8,284147 ms (FindLiveObjects: 0,352862 ms CreateObjectMapping: 0,154853 ms MarkObjects: 5,050265 ms  DeleteObjects: 2,724004 ms)

========================================================================
Received Prepare
Registering precompiled user dll's ...
Registered in 0,001952 seconds.
Begin MonoManager ReloadAssembly
Native extension for LinuxStandalone target not found
Refreshing native plugins compatible for Editor in 0,57 ms, found 0 plugins.
Preloading 0 native plugins for Editor in 0,00 ms.
Invoked RoslynAnalysisRunner static constructor.
RoslynAnalysisRunner will not be running.
RoslynAnalysisRunner has terminated.
Mono: successfully reloaded assembly
- Completed reload, in  1,464 seconds
Platform modules already initialized, skipping
Shader 'Universal Render Pipeline/Particles/Lit': fallback shader 'Universal Render Pipeline/Particles/SimpleLit' not found
Shader 'Universal Render Pipeline/Particles/Lit': fallback shader 'Universal Render Pipeline/Particles/SimpleLit' not found
Refreshing native plugins compatible for Editor in 0,56 ms, found 0 plugins.
Preloading 0 native plugins for Editor in 0,00 ms.
Unloading 2663 Unused Serialized files (Serialized files now loaded: 0)
System memory in use before: 114,5 MB.
System memory in use after: 112,4 MB.

Unloading 53 unused Assets to reduce memory usage. Loaded Objects now: 3154.
Total: 8,458688 ms (FindLiveObjects: 0,321247 ms CreateObjectMapping: 0,143319 ms MarkObjects: 5,230581 ms  DeleteObjects: 2,760503 ms)

========================================================================
Received Prepare
Registering precompiled user dll's ...
Registered in 0,001354 seconds.
Begin MonoManager ReloadAssembly
Native extension for LinuxStandalone target not found
Refreshing native plugins compatible for Editor in 0,52 ms, found 0 plugins.
Preloading 0 native plugins for Editor in 0,00 ms.
Invoked RoslynAnalysisRunner static constructor.
RoslynAnalysisRunner will not be running.
RoslynAnalysisRunner has terminated.
Mono: successfully reloaded assembly
- Completed reload, in  1,216 seconds
Platform modules already initialized, skipping
Shader 'Universal Render Pipeline/Particles/Lit': fallback shader 'Universal Render Pipeline/Particles/SimpleLit' not found
Shader 'Universal Render Pipeline/Particles/Lit': fallback shader 'Universal Render Pipeline/Particles/SimpleLit' not found
Refreshing native plugins compatible for Editor in 0,49 ms, found 0 plugins.
Preloading 0 native plugins for Editor in 0,00 ms.
Unloading 2663 Unused Serialized files (Serialized files now loaded: 0)
System memory in use before: 114,5 MB.
System memory in use after: 112,5 MB.

Unloading 53 unused Assets to reduce memory usage. Loaded Objects now: 3157.
Total: 8,025553 ms (FindLiveObjects: 0,401983 ms CreateObjectMapping: 0,163622 ms MarkObjects: 4,714441 ms  DeleteObjects: 2,742652 ms)

========================================================================
Received Prepare
Registering precompiled user dll's ...
Registered in 0,001365 seconds.
Begin MonoManager ReloadAssembly
Native extension for LinuxStandalone target not found
Refreshing native plugins compatible for Editor in 0,55 ms, found 0 plugins.
Preloading 0 native plugins for Editor in 0,00 ms.
Invoked RoslynAnalysisRunner static constructor.
RoslynAnalysisRunner will not be running.
RoslynAnalysisRunner has terminated.
Mono: successfully reloaded assembly
- Completed reload, in  1,408 seconds
Platform modules already initialized, skipping
Shader 'Universal Render Pipeline/Particles/Lit': fallback shader 'Universal Render Pipeline/Particles/SimpleLit' not found
Shader 'Universal Render Pipeline/Particles/Lit': fallback shader 'Universal Render Pipeline/Particles/SimpleLit' not found
Refreshing native plugins compatible for Editor in 0,90 ms, found 0 plugins.
Preloading 0 native plugins for Editor in 0,00 ms.
Unloading 2663 Unused Serialized files (Serialized files now loaded: 0)
System memory in use before: 114,5 MB.
System memory in use after: 112,5 MB.

Unloading 53 unused Assets to reduce memory usage. Loaded Objects now: 3160.
Total: 8,128521 ms (FindLiveObjects: 0,412935 ms CreateObjectMapping: 0,170803 ms MarkObjects: 4,735571 ms  DeleteObjects: 2,806176 ms)

========================================================================
Received Prepare
Registering precompiled user dll's ...
Registered in 0,003279 seconds.
Begin MonoManager ReloadAssembly
Native extension for LinuxStandalone target not found
Refreshing native plugins compatible for Editor in 1,21 ms, found 0 plugins.
Preloading 0 native plugins for Editor in 0,00 ms.
Invoked RoslynAnalysisRunner static constructor.
RoslynAnalysisRunner will not be running.
RoslynAnalysisRunner has terminated.
Mono: successfully reloaded assembly
- Completed reload, in  1,298 seconds
Platform modules already initialized, skipping
Shader 'Universal Render Pipeline/Particles/Lit': fallback shader 'Universal Render Pipeline/Particles/SimpleLit' not found
Shader 'Universal Render Pipeline/Particles/Lit': fallback shader 'Universal Render Pipeline/Particles/SimpleLit' not found
Refreshing native plugins compatible for Editor in 0,80 ms, found 0 plugins.
Preloading 0 native plugins for Editor in 0,00 ms.
Unloading 2663 Unused Serialized files (Serialized files now loaded: 0)
System memory in use before: 114,5 MB.
System memory in use after: 112,5 MB.

Unloading 53 unused Assets to reduce memory usage. Loaded Objects now: 3163.
Total: 15,308342 ms (FindLiveObjects: 1,574748 ms CreateObjectMapping: 1,069253 ms MarkObjects: 8,606720 ms  DeleteObjects: 4,045267 ms)

========================================================================
Received Prepare
Registering precompiled user dll's ...
Registered in 0,001334 seconds.
Begin MonoManager ReloadAssembly
Native extension for LinuxStandalone target not found
Refreshing native plugins compatible for Editor in 0,54 ms, found 0 plugins.
Preloading 0 native plugins for Editor in 0,00 ms.
Invoked RoslynAnalysisRunner static constructor.
RoslynAnalysisRunner will not be running.
RoslynAnalysisRunner has terminated.
Mono: successfully reloaded assembly
- Completed reload, in  1,435 seconds
Platform modules already initialized, skipping
Shader 'Universal Render Pipeline/Particles/Lit': fallback shader 'Universal Render Pipeline/Particles/SimpleLit' not found
Shader 'Universal Render Pipeline/Particles/Lit': fallback shader 'Universal Render Pipeline/Particles/SimpleLit' not found
Refreshing native plugins compatible for Editor in 0,62 ms, found 0 plugins.
Preloading 0 native plugins for Editor in 0,00 ms.
Unloading 2663 Unused Serialized files (Serialized files now loaded: 0)
System memory in use before: 114,5 MB.
System memory in use after: 112,5 MB.

Unloading 53 unused Assets to reduce memory usage. Loaded Objects now: 3166.
Total: 8,069391 ms (FindLiveObjects: 0,454823 ms CreateObjectMapping: 0,260606 ms MarkObjects: 4,061463 ms  DeleteObjects: 3,289821 ms)

========================================================================
Received Prepare
Registering precompiled user dll's ...
Registered in 0,002513 seconds.
Begin MonoManager ReloadAssembly
Native extension for LinuxStandalone target not found
Refreshing native plugins compatible for Editor in 0,58 ms, found 0 plugins.
Preloading 0 native plugins for Editor in 0,00 ms.
Invoked RoslynAnalysisRunner static constructor.
RoslynAnalysisRunner will not be running.
RoslynAnalysisRunner has terminated.
Mono: successfully reloaded assembly
- Completed reload, in  1,290 seconds
Platform modules already initialized, skipping
Shader 'Universal Render Pipeline/Particles/Lit': fallback shader 'Universal Render Pipeline/Particles/SimpleLit' not found
Shader 'Universal Render Pipeline/Particles/Lit': fallback shader 'Universal Render Pipeline/Particles/SimpleLit' not found
Refreshing native plugins compatible for Editor in 1,17 ms, found 0 plugins.
Preloading 0 native plugins for Editor in 0,00 ms.
Unloading 2663 Unused Serialized files (Serialized files now loaded: 0)
System memory in use before: 114,5 MB.
System memory in use after: 112,5 MB.

Unloading 53 unused Assets to reduce memory usage. Loaded Objects now: 3169.
Total: 7,960544 ms (FindLiveObjects: 0,492460 ms CreateObjectMapping: 0,298811 ms MarkObjects: 4,570980 ms  DeleteObjects: 2,595768 ms)

========================================================================
Received Prepare
Registering precompiled user dll's ...
Registered in 0,001401 seconds.
Begin MonoManager ReloadAssembly
Native extension for LinuxStandalone target not found
Refreshing native plugins compatible for Editor in 1,23 ms, found 0 plugins.
Preloading 0 native plugins for Editor in 0,00 ms.
Invoked RoslynAnalysisRunner static constructor.
RoslynAnalysisRunner will not be running.
RoslynAnalysisRunner has terminated.
Mono: successfully reloaded assembly
- Completed reload, in  1,270 seconds
Platform modules already initialized, skipping
Shader 'Universal Render Pipeline/Particles/Lit': fallback shader 'Universal Render Pipeline/Particles/SimpleLit' not found
Shader 'Universal Render Pipeline/Particles/Lit': fallback shader 'Universal Render Pipeline/Particles/SimpleLit' not found
Refreshing native plugins compatible for Editor in 0,48 ms, found 0 plugins.
Preloading 0 native plugins for Editor in 0,00 ms.
Unloading 2663 Unused Serialized files (Serialized files now loaded: 0)
System memory in use before: 114,5 MB.
System memory in use after: 112,5 MB.

Unloading 53 unused Assets to reduce memory usage. Loaded Objects now: 3172.
Total: 7,702785 ms (FindLiveObjects: 0,725607 ms CreateObjectMapping: 0,271910 ms MarkObjects: 4,543663 ms  DeleteObjects: 2,156677 ms)

========================================================================
Received Prepare
Registering precompiled user dll's ...
Registered in 0,001720 seconds.
Begin MonoManager ReloadAssembly
Native extension for LinuxStandalone target not found
Refreshing native plugins compatible for Editor in 0,56 ms, found 0 plugins.
Preloading 0 native plugins for Editor in 0,00 ms.
Invoked RoslynAnalysisRunner static constructor.
RoslynAnalysisRunner will not be running.
RoslynAnalysisRunner has terminated.
Mono: successfully reloaded assembly
- Completed reload, in  1,266 seconds
Platform modules already initialized, skipping
Shader 'Universal Render Pipeline/Particles/Lit': fallback shader 'Universal Render Pipeline/Particles/SimpleLit' not found
Shader 'Universal Render Pipeline/Particles/Lit': fallback shader 'Universal Render Pipeline/Particles/SimpleLit' not found
Refreshing native plugins compatible for Editor in 0,47 ms, found 0 plugins.
Preloading 0 native plugins for Editor in 0,00 ms.
Unloading 2663 Unused Serialized files (Serialized files now loaded: 0)
System memory in use before: 114,5 MB.
System memory in use after: 112,5 MB.

Unloading 53 unused Assets to reduce memory usage. Loaded Objects now: 3175.
Total: 9,816292 ms (FindLiveObjects: 0,387634 ms CreateObjectMapping: 0,189772 ms MarkObjects: 5,740908 ms  DeleteObjects: 3,494583 ms)

========================================================================
Received Prepare
Registering precompiled user dll's ...
Registered in 0,001242 seconds.
Begin MonoManager ReloadAssembly
Native extension for LinuxStandalone target not found
Refreshing native plugins compatible for Editor in 0,50 ms, found 0 plugins.
Preloading 0 native plugins for Editor in 0,00 ms.
Invoked RoslynAnalysisRunner static constructor.
RoslynAnalysisRunner will not be running.
RoslynAnalysisRunner has terminated.
Mono: successfully reloaded assembly
- Completed reload, in  1,487 seconds
Platform modules already initialized, skipping
Shader 'Universal Render Pipeline/Particles/Lit': fallback shader 'Universal Render Pipeline/Particles/SimpleLit' not found
Shader 'Universal Render Pipeline/Particles/Lit': fallback shader 'Universal Render Pipeline/Particles/SimpleLit' not found
Refreshing native plugins compatible for Editor in 1,32 ms, found 0 plugins.
Preloading 0 native plugins for Editor in 0,00 ms.
Unloading 2663 Unused Serialized files (Serialized files now loaded: 0)
System memory in use before: 114,6 MB.
System memory in use after: 112,5 MB.

Unloading 53 unused Assets to reduce memory usage. Loaded Objects now: 3178.
Total: 18,926419 ms (FindLiveObjects: 0,792251 ms CreateObjectMapping: 0,582290 ms MarkObjects: 12,561941 ms  DeleteObjects: 4,982221 ms)

========================================================================
Received Prepare
Registering precompiled user dll's ...
Registered in 0,002673 seconds.
Begin MonoManager ReloadAssembly
Native extension for LinuxStandalone target not found
Refreshing native plugins compatible for Editor in 0,52 ms, found 0 plugins.
Preloading 0 native plugins for Editor in 0,00 ms.
Invoked RoslynAnalysisRunner static constructor.
RoslynAnalysisRunner will not be running.
RoslynAnalysisRunner has terminated.
Mono: successfully reloaded assembly
- Completed reload, in  1,251 seconds
Platform modules already initialized, skipping
Shader 'Universal Render Pipeline/Particles/Lit': fallback shader 'Universal Render Pipeline/Particles/SimpleLit' not found
Shader 'Universal Render Pipeline/Particles/Lit': fallback shader 'Universal Render Pipeline/Particles/SimpleLit' not found
Refreshing native plugins compatible for Editor in 0,57 ms, found 0 plugins.
Preloading 0 native plugins for Editor in 0,00 ms.
Unloading 2663 Unused Serialized files (Serialized files now loaded: 0)
System memory in use before: 114,5 MB.
System memory in use after: 112,5 MB.

Unloading 53 unused Assets to reduce memory usage. Loaded Objects now: 3181.
Total: 20,612458 ms (FindLiveObjects: 2,402834 ms CreateObjectMapping: 0,852082 ms MarkObjects: 10,763002 ms  DeleteObjects: 6,587492 ms)

========================================================================
Received Prepare
Registering precompiled user dll's ...
Registered in 0,002936 seconds.
Begin MonoManager ReloadAssembly
Native extension for LinuxStandalone target not found
Refreshing native plugins compatible for Editor in 0,69 ms, found 0 plugins.
Preloading 0 native plugins for Editor in 0,00 ms.
Invoked RoslynAnalysisRunner static constructor.
RoslynAnalysisRunner will not be running.
RoslynAnalysisRunner has terminated.
Mono: successfully reloaded assembly
- Completed reload, in  1,353 seconds
Platform modules already initialized, skipping
Shader 'Universal Render Pipeline/Particles/Lit': fallback shader 'Universal Render Pipeline/Particles/SimpleLit' not found
Shader 'Universal Render Pipeline/Particles/Lit': fallback shader 'Universal Render Pipeline/Particles/SimpleLit' not found
Refreshing native plugins compatible for Editor in 0,66 ms, found 0 plugins.
Preloading 0 native plugins for Editor in 0,00 ms.
Unloading 2663 Unused Serialized files (Serialized files now loaded: 0)
System memory in use before: 114,5 MB.
System memory in use after: 112,5 MB.

Unloading 53 unused Assets to reduce memory usage. Loaded Objects now: 3184.
Total: 7,222339 ms (FindLiveObjects: 0,548980 ms CreateObjectMapping: 0,265157 ms MarkObjects: 4,040815 ms  DeleteObjects: 2,363774 ms)

========================================================================
Received Prepare
Registering precompiled user dll's ...
Registered in 0,001263 seconds.
Begin MonoManager ReloadAssembly
Native extension for LinuxStandalone target not found
Refreshing native plugins compatible for Editor in 0,59 ms, found 0 plugins.
Preloading 0 native plugins for Editor in 0,00 ms.
Invoked RoslynAnalysisRunner static constructor.
RoslynAnalysisRunner will not be running.
RoslynAnalysisRunner has terminated.
Mono: successfully reloaded assembly
- Completed reload, in  1,335 seconds
Platform modules already initialized, skipping
Shader 'Universal Render Pipeline/Particles/Lit': fallback shader 'Universal Render Pipeline/Particles/SimpleLit' not found
Shader 'Universal Render Pipeline/Particles/Lit': fallback shader 'Universal Render Pipeline/Particles/SimpleLit' not found
Refreshing native plugins compatible for Editor in 0,53 ms, found 0 plugins.
Preloading 0 native plugins for Editor in 0,00 ms.
Unloading 2663 Unused Serialized files (Serialized files now loaded: 0)
System memory in use before: 114,6 MB.
System memory in use after: 112,5 MB.

Unloading 53 unused Assets to reduce memory usage. Loaded Objects now: 3187.
Total: 9,247740 ms (FindLiveObjects: 0,439294 ms CreateObjectMapping: 0,261679 ms MarkObjects: 5,463723 ms  DeleteObjects: 3,079953 ms)

========================================================================
Received Prepare
Registering precompiled user dll's ...
Registered in 0,001470 seconds.
Begin MonoManager ReloadAssembly
Native extension for LinuxStandalone target not found
Refreshing native plugins compatible for Editor in 0,59 ms, found 0 plugins.
Preloading 0 native plugins for Editor in 0,00 ms.
Invoked RoslynAnalysisRunner static constructor.
RoslynAnalysisRunner will not be running.
RoslynAnalysisRunner has terminated.
Mono: successfully reloaded assembly
- Completed reload, in  1,335 seconds
Platform modules already initialized, skipping
Shader 'Universal Render Pipeline/Particles/Lit': fallback shader 'Universal Render Pipeline/Particles/SimpleLit' not found
Shader 'Universal Render Pipeline/Particles/Lit': fallback shader 'Universal Render Pipeline/Particles/SimpleLit' not found
Refreshing native plugins compatible for Editor in 0,49 ms, found 0 plugins.
Preloading 0 native plugins for Editor in 0,00 ms.
Unloading 2663 Unused Serialized files (Serialized files now loaded: 0)
System memory in use before: 114,5 MB.
System memory in use after: 112,4 MB.

Unloading 53 unused Assets to reduce memory usage. Loaded Objects now: 3190.
Total: 14,284267 ms (FindLiveObjects: 0,731419 ms CreateObjectMapping: 0,316854 ms MarkObjects: 8,171057 ms  DeleteObjects: 5,055150 ms)

========================================================================
Received Prepare
Registering precompiled user dll's ...
Registered in 0,001542 seconds.
Begin MonoManager ReloadAssembly
Native extension for LinuxStandalone target not found
Refreshing native plugins compatible for Editor in 0,54 ms, found 0 plugins.
Preloading 0 native plugins for Editor in 0,00 ms.
Invoked RoslynAnalysisRunner static constructor.
RoslynAnalysisRunner will not be running.
RoslynAnalysisRunner has terminated.
Mono: successfully reloaded assembly
- Completed reload, in  1,376 seconds
Platform modules already initialized, skipping
Shader 'Universal Render Pipeline/Particles/Lit': fallback shader 'Universal Render Pipeline/Particles/SimpleLit' not found
Shader 'Universal Render Pipeline/Particles/Lit': fallback shader 'Universal Render Pipeline/Particles/SimpleLit' not found
Refreshing native plugins compatible for Editor in 0,55 ms, found 0 plugins.
Preloading 0 native plugins for Editor in 0,00 ms.
Unloading 2663 Unused Serialized files (Serialized files now loaded: 0)
System memory in use before: 114,6 MB.
System memory in use after: 112,5 MB.

Unloading 53 unused Assets to reduce memory usage. Loaded Objects now: 3193.
Total: 6,234319 ms (FindLiveObjects: 0,340571 ms CreateObjectMapping: 0,135155 ms MarkObjects: 3,722245 ms  DeleteObjects: 2,033177 ms)

========================================================================
Received Prepare
Registering precompiled user dll's ...
Registered in 0,004680 seconds.
Begin MonoManager ReloadAssembly
Native extension for LinuxStandalone target not found
Refreshing native plugins compatible for Editor in 1,26 ms, found 0 plugins.
Preloading 0 native plugins for Editor in 0,00 ms.
Invoked RoslynAnalysisRunner static constructor.
RoslynAnalysisRunner will not be running.
RoslynAnalysisRunner has terminated.
Mono: successfully reloaded assembly
- Completed reload, in  1,780 seconds
Platform modules already initialized, skipping
Shader 'Universal Render Pipeline/Particles/Lit': fallback shader 'Universal Render Pipeline/Particles/SimpleLit' not found
Shader 'Universal Render Pipeline/Particles/Lit': fallback shader 'Universal Render Pipeline/Particles/SimpleLit' not found
Refreshing native plugins compatible for Editor in 0,83 ms, found 0 plugins.
Preloading 0 native plugins for Editor in 0,00 ms.
Unloading 2663 Unused Serialized files (Serialized files now loaded: 0)
System memory in use before: 114,6 MB.
System memory in use after: 112,6 MB.

Unloading 53 unused Assets to reduce memory usage. Loaded Objects now: 3196.
Total: 11,200373 ms (FindLiveObjects: 0,984026 ms CreateObjectMapping: 0,606698 ms MarkObjects: 5,319946 ms  DeleteObjects: 4,284522 ms)

========================================================================
Received Prepare
Shader 'Universal Render Pipeline/Particles/Lit': fallback shader 'Universal Render Pipeline/Particles/SimpleLit' not found
Shader 'Universal Render Pipeline/Particles/Lit': fallback shader 'Universal Render Pipeline/Particles/SimpleLit' not found
Refreshing native plugins compatible for Editor in 1,88 ms, found 0 plugins.
Preloading 0 native plugins for Editor in 0,00 ms.
Unloading 51 Unused Serialized files (Serialized files now loaded: 0)
System memory in use before: 62,8 MB.
System memory in use after: 60,8 MB.

Unloading 51 unused Assets to reduce memory usage. Loaded Objects now: 3196.
Total: 8,840481 ms (FindLiveObjects: 0,583292 ms CreateObjectMapping: 0,338512 ms MarkObjects: 4,761056 ms  DeleteObjects: 3,154651 ms)

AssetImportWorkerClient::OnTransportError - code=2 error=End of file
